[debug] [2020-11-22T15:59:57.273Z] ----------------------------------------------------------------------
[debug] [2020-11-22T15:59:57.273Z] Command:       C:\Program Files\nodejs\node.exe C:\Users\cadab\AppData\Roaming\npm\node_modules\firebase-tools\lib\bin\firebase.js init
[debug] [2020-11-22T15:59:57.273Z] CLI Version:   8.16.2
[debug] [2020-11-22T15:59:57.273Z] Platform:      win32
[debug] [2020-11-22T15:59:57.273Z] Node Version:  v12.19.0
[debug] [2020-11-22T15:59:57.273Z] Time:          Sun Nov 22 2020 16:59:57 GMT+0100 (GMT+01:00)
[debug] [2020-11-22T15:59:57.273Z] ----------------------------------------------------------------------
[debug] [2020-11-22T15:59:57.273Z] 
[debug] [2020-11-22T15:59:57.289Z] > command requires scopes: ["email","openid","https://www.googleapis.com/auth/cloudplatformprojects.readonly","https://www.googleapis.com/auth/firebase","https://www.googleapis.com/auth/cloud-platform"]
[debug] [2020-11-22T15:59:57.289Z] > authorizing via signed-in user
[info] 
     ######## #### ########  ######## ########     ###     ######  ########
     ##        ##  ##     ## ##       ##     ##  ##   ##  ##       ##
     ######    ##  ########  ######   ########  #########  ######  ######
     ##        ##  ##    ##  ##       ##     ## ##     ##       ## ##
     ##       #### ##     ## ######## ########  ##     ##  ######  ########

You're about to initialize a Firebase project in this directory:

  C:\Users\cadab\imessge-starter-project-master

Before we get started, keep in mind:

  * You are initializing in an existing Firebase project directory

[info] 
=== Project Setup
[info] 
[info] First, let's associate this project directory with a Firebase project.
[info] You can create multiple project aliases by running firebase use --add, 
[info] but for now we'll just set up a default project.
[info] 
[info] i  .firebaserc already has a default project, using imessege-clone. 
[debug] [2020-11-22T16:00:04.561Z] >>> HTTP REQUEST GET https://firebase.googleapis.com/v1beta1/projects/imessege-clone  
 
[debug] [2020-11-22T16:00:05.053Z] <<< HTTP RESPONSE 200 {"content-type":"application/json; charset=UTF-8","vary":"X-Origin, Referer, Origin,Accept-Encoding","date":"Sun, 22 Nov 2020 16:00:01 GMT","server":"ESF","cache-control":"private","x-xss-protection":"0","x-frame-options":"SAMEORIGIN","x-content-type-options":"nosniff","alt-svc":"h3-29=\":443\"; ma=2592000,h3-T051=\":443\"; ma=2592000,h3-Q050=\":443\"; ma=2592000,h3-Q046=\":443\"; ma=2592000,h3-Q043=\":443\"; ma=2592000,quic=\":443\"; ma=2592000; v=\"46,43\"","accept-ranges":"none","transfer-encoding":"chunked"}
[info] 
=== Hosting Setup
[info] 
[info] Your public directory is the folder (relative to your project directory) that
[info] will contain Hosting assets to be uploaded with firebase deploy. If you
[info] have a build process for your assets, use your build's output directory.
[info] 
